# JRE version: Java(TM) SE Runtime Environment (22.0.1+8) (build 22.0.1+8-16)
# Java VM: Java HotSpot(TM) 64-Bit Server VM (22.0.1+8-16, mixed mode, sharing, tiered, compressed oops, compressed class ptrs, g1 gc, windows-amd64)
GC Precious Log:
 CardTable entry size: 512
 Card Set container configuration: InlinePtr #cards 5 size 8 Array Of Cards #cards 12 size 40 Howl #buckets 4 coarsen threshold 1843 Howl Bitmap #cards 512 size 80 coarsen threshold 460 Card regions per heap region 1 cards per card region 2048
 CPUs: 12 total, 12 available
 Memory: 7922M
 Large Page Support: Disabled
 NUMA Support: Disabled
 Compressed Oops: Enabled (32-bit)
 Heap Region Size: 1M
 Heap Min Capacity: 8M
 Heap Initial Capacity: 124M
 Heap Max Capacity: 1982M
 Pre-touch: Disabled
 Parallel Workers: 10
 Concurrent Workers: 3
 Concurrent Refinement Workers: 10
 Periodic GC: Disabled
Heap:
 garbage-first heap   total reserved 2029568K, committed 71680K, used 39749K [0x0000000084200000, 0x0000000100000000)
  region size 1024K, 10 young (10240K), 3 survivors (3072K)
 Metaspace       used 70423K, committed 71168K, reserved 1114112K
  class space    used 9733K, committed 10048K, reserved 1048576K
GC Heap History (20 events):
Event: 2.377 GC heap before
{Heap before GC invocations=2 (full 0):
 garbage-first heap   total reserved 2029568K, committed 126976K, used 40665K [0x0000000084200000, 0x0000000100000000)
  region size 1024K, 31 young (31744K), 3 survivors (3072K)
 Metaspace       used 21132K, committed 21504K, reserved 1114112K
  class space    used 2747K, committed 2944K, reserved 1048576K
}
Event: 2.383 GC heap after
{Heap after GC invocations=3 (full 0):
 garbage-first heap   total reserved 2029568K, committed 126976K, used 14746K [0x0000000084200000, 0x0000000100000000)
  region size 1024K, 5 young (5120K), 5 survivors (5120K)
 Metaspace       used 21132K, committed 21504K, reserved 1114112K
  class space    used 2747K, committed 2944K, reserved 1048576K
}
Event: 3.148 GC heap before
{Heap before GC invocations=4 (full 0):
 garbage-first heap   total reserved 2029568K, committed 51200K, used 50586K [0x0000000084200000, 0x0000000100000000)
  region size 1024K, 40 young (40960K), 5 survivors (5120K)
 Metaspace       used 25790K, committed 26176K, reserved 1114112K
  class space    used 3353K, committed 3520K, reserved 1048576K
}
Event: 3.156 GC heap after
{Heap after GC invocations=5 (full 0):
 garbage-first heap   total reserved 2029568K, committed 59392K, used 18217K [0x0000000084200000, 0x0000000100000000)
  region size 1024K, 8 young (8192K), 8 survivors (8192K)
 Metaspace       used 25790K, committed 26176K, reserved 1114112K
  class space    used 3353K, committed 3520K, reserved 1048576K
}
Event: 3.925 GC heap before
{Heap before GC invocations=5 (full 0):
 garbage-first heap   total reserved 2029568K, committed 59392K, used 44841K [0x0000000084200000, 0x0000000100000000)
  region size 1024K, 34 young (34816K), 8 survivors (8192K)
 Metaspace       used 29320K, committed 29760K, reserved 1114112K
  class space    used 3836K, committed 4032K, reserved 1048576K
}
Event: 3.939 GC heap after
{Heap after GC invocations=6 (full 0):
 garbage-first heap   total reserved 2029568K, committed 59392K, used 19292K [0x0000000084200000, 0x0000000100000000)
  region size 1024K, 2 young (2048K), 2 survivors (2048K)
 Metaspace       used 29320K, committed 29760K, reserved 1114112K
  class space    used 3836K, committed 4032K, reserved 1048576K
}
Event: 4.730 GC heap before
{Heap before GC invocations=6 (full 0):
 garbage-first heap   total reserved 2029568K, committed 59392K, used 46940K [0x0000000084200000, 0x0000000100000000)
  region size 1024K, 29 young (29696K), 2 survivors (2048K)
 Metaspace       used 33989K, committed 34496K, reserved 1114112K
  class space    used 4503K, committed 4736K, reserved 1048576K
}
Event: 4.736 GC heap after
{Heap after GC invocations=7 (full 0):
 garbage-first heap   total reserved 2029568K, committed 71680K, used 22528K [0x0000000084200000, 0x0000000100000000)
  region size 1024K, 4 young (4096K), 4 survivors (4096K)
 Metaspace       used 33989K, committed 34496K, reserved 1114112K
  class space    used 4503K, committed 4736K, reserved 1048576K
}
Event: 4.923 GC heap before
{Heap before GC invocations=7 (full 0):
 garbage-first heap   total reserved 2029568K, committed 71680K, used 27648K [0x0000000084200000, 0x0000000100000000)
  region size 1024K, 10 young (10240K), 4 survivors (4096K)
 Metaspace       used 35476K, committed 35968K, reserved 1114112K
  class space    used 4719K, committed 4928K, reserved 1048576K
}
Event: 4.932 GC heap after
{Heap after GC invocations=8 (full 0):
 garbage-first heap   total reserved 2029568K, committed 71680K, used 23241K [0x0000000084200000, 0x0000000100000000)
  region size 1024K, 3 young (3072K), 3 survivors (3072K)
 Metaspace       used 35476K, committed 35968K, reserved 1114112K
  class space    used 4719K, committed 4928K, reserved 1048576K
}
Event: 6.611 GC heap before
{Heap before GC invocations=9 (full 0):
 garbage-first heap   total reserved 2029568K, committed 71680K, used 60105K [0x0000000084200000, 0x0000000100000000)
  region size 1024K, 39 young (39936K), 3 survivors (3072K)
 Metaspace       used 48868K, committed 49344K, reserved 1114112K
  class space    used 6565K, committed 6784K, reserved 1048576K
}
Event: 6.623 GC heap after
{Heap after GC invocations=10 (full 0):
 garbage-first heap   total reserved 2029568K, committed 71680K, used 26635K [0x0000000084200000, 0x0000000100000000)
  region size 1024K, 4 young (4096K), 4 survivors (4096K)
 Metaspace       used 48868K, committed 49344K, reserved 1114112K
  class space    used 6565K, committed 6784K, reserved 1048576K
}
Event: 7.334 GC heap before
{Heap before GC invocations=10 (full 0):
 garbage-first heap   total reserved 2029568K, committed 71680K, used 60427K [0x0000000084200000, 0x0000000100000000)
  region size 1024K, 37 young (37888K), 4 survivors (4096K)
 Metaspace       used 57905K, committed 58496K, reserved 1114112K
  class space    used 7888K, committed 8128K, reserved 1048576K
}
Event: 7.344 GC heap after
{Heap after GC invocations=11 (full 0):
 garbage-first heap   total reserved 2029568K, committed 71680K, used 28191K [0x0000000084200000, 0x0000000100000000)
  region size 1024K, 3 young (3072K), 3 survivors (3072K)
 Metaspace       used 57905K, committed 58496K, reserved 1114112K
  class space    used 7888K, committed 8128K, reserved 1048576K
}
Event: 7.595 GC heap before
{Heap before GC invocations=11 (full 0):
 garbage-first heap   total reserved 2029568K, committed 71680K, used 42527K [0x0000000084200000, 0x0000000100000000)
  region size 1024K, 18 young (18432K), 3 survivors (3072K)
 Metaspace       used 59770K, committed 60288K, reserved 1114112K
  class space    used 8138K, committed 8384K, reserved 1048576K
}
Event: 7.599 GC heap after
{Heap after GC invocations=12 (full 0):
 garbage-first heap   total reserved 2029568K, committed 71680K, used 28320K [0x0000000084200000, 0x0000000100000000)
  region size 1024K, 3 young (3072K), 3 survivors (3072K)
 Metaspace       used 59770K, committed 60288K, reserved 1114112K
  class space    used 8138K, committed 8384K, reserved 1048576K
}
Event: 8.553 GC heap before
{Heap before GC invocations=13 (full 0):
 garbage-first heap   total reserved 2029568K, committed 71680K, used 62112K [0x0000000084200000, 0x0000000100000000)
  region size 1024K, 36 young (36864K), 3 survivors (3072K)
 Metaspace       used 66133K, committed 66752K, reserved 1114112K
  class space    used 9086K, committed 9344K, reserved 1048576K
}
Event: 8.562 GC heap after
{Heap after GC invocations=14 (full 0):
 garbage-first heap   total reserved 2029568K, committed 71680K, used 31011K [0x0000000084200000, 0x0000000100000000)
  region size 1024K, 5 young (5120K), 5 survivors (5120K)
 Metaspace       used 66133K, committed 66752K, reserved 1114112K
  class space    used 9086K, committed 9344K, reserved 1048576K
}
Event: 9.234 GC heap before
{Heap before GC invocations=14 (full 0):
 garbage-first heap   total reserved 2029568K, committed 71680K, used 61731K [0x0000000084200000, 0x0000000100000000)
  region size 1024K, 35 young (35840K), 5 survivors (5120K)
 Metaspace       used 69590K, committed 70336K, reserved 1114112K
  class space    used 9602K, committed 9920K, reserved 1048576K
}
Event: 9.248 GC heap after
{Heap after GC invocations=15 (full 0):
 garbage-first heap   total reserved 2029568K, committed 71680K, used 33605K [0x0000000084200000, 0x0000000100000000)
  region size 1024K, 3 young (3072K), 3 survivors (3072K)
 Metaspace       used 69590K, committed 70336K, reserved 1114112K
  class space    used 9602K, committed 9920K, reserved 1048576K
}

