# JRE version: OpenJDK Runtime Environment Temurin-21.0.9+10 (21.0.9+10) (build 21.0.9+10-LTS)
# Java VM: OpenJDK 64-Bit Server VM Temurin-21.0.9+10 (21.0.9+10-LTS, mixed mode, sharing, tiered, compressed oops, compressed class ptrs, parallel gc, windows-amd64)
GC Precious Log:
 CardTable entry size: 512
 CPUs: 12 total, 12 available
 Memory: 7922M
 Large Page Support: Disabled
 NUMA Support: Disabled
 Compressed Oops: Enabled (32-bit)
 Alignments: Space 512K, Generation 512K, Heap 2M
 Heap Min Capacity: 100M
 Heap Initial Capacity: 100M
 Heap Max Capacity: 2G
 Pre-touch: Disabled
 Parallel Workers: 10
Heap:
 PSYoungGen      total 9728K, used 4124K [0x00000000d5580000, 0x00000000d6100000, 0x0000000100000000)
  eden space 8704K, 39% used [0x00000000d5580000,0x00000000d58d1838,0x00000000d5e00000)
  from space 1024K, 70% used [0x00000000d6000000,0x00000000d60b5808,0x00000000d6100000)
  to   space 1536K, 0% used [0x00000000d5e00000,0x00000000d5e00000,0x00000000d5f80000)
 ParOldGen       total 129536K, used 129066K [0x0000000080000000, 0x0000000087e80000, 0x00000000d5580000)
  object space 129536K, 99% used [0x0000000080000000,0x0000000087e0a940,0x0000000087e80000)
 Metaspace       used 71718K, committed 73344K, reserved 1114112K
  class space    used 7384K, committed 8064K, reserved 1048576K
GC Heap History (20 events):
Event: 13.150 GC heap before
{Heap before GC invocations=256 (full 3):
 PSYoungGen      total 10752K, used 10240K [0x00000000d5580000, 0x00000000d6200000, 0x0000000100000000)
  eden space 9216K, 100% used [0x00000000d5580000,0x00000000d5e80000,0x00000000d5e80000)
  from space 1536K, 66% used [0x00000000d6080000,0x00000000d6180020,0x00000000d6200000)
  to   space 1536K, 0% used [0x00000000d5f00000,0x00000000d5f00000,0x00000000d6080000)
 ParOldGen       total 123392K, used 123385K [0x0000000080000000, 0x0000000087880000, 0x00000000d5580000)
  object space 123392K, 99% used [0x0000000080000000,0x000000008787e628,0x0000000087880000)
 Metaspace       used 67648K, committed 69248K, reserved 1114112K
  class space    used 6997K, committed 7744K, reserved 1048576K
}
Event: 13.153 GC heap after
{Heap after GC invocations=256 (full 3):
 PSYoungGen      total 10752K, used 1532K [0x00000000d5580000, 0x00000000d6680000, 0x0000000100000000)
  eden space 9216K, 0% used [0x00000000d5580000,0x00000000d5580000,0x00000000d5e80000)
  from space 1536K, 99% used [0x00000000d5f00000,0x00000000d607f110,0x00000000d6080000)
  to   space 4096K, 0% used [0x00000000d6280000,0x00000000d6280000,0x00000000d6680000)
 ParOldGen       total 125440K, used 125277K [0x0000000080000000, 0x0000000087a80000, 0x00000000d5580000)
  object space 125440K, 99% used [0x0000000080000000,0x0000000087a576c0,0x0000000087a80000)
 Metaspace       used 67648K, committed 69248K, reserved 1114112K
  class space    used 6997K, committed 7744K, reserved 1048576K
}
Event: 13.179 GC heap before
{Heap before GC invocations=257 (full 3):
 PSYoungGen      total 10752K, used 10748K [0x00000000d5580000, 0x00000000d6680000, 0x0000000100000000)
  eden space 9216K, 100% used [0x00000000d5580000,0x00000000d5e80000,0x00000000d5e80000)
  from space 1536K, 99% used [0x00000000d5f00000,0x00000000d607f110,0x00000000d6080000)
  to   space 4096K, 0% used [0x00000000d6280000,0x00000000d6280000,0x00000000d6680000)
 ParOldGen       total 125440K, used 125277K [0x0000000080000000, 0x0000000087a80000, 0x00000000d5580000)
  object space 125440K, 99% used [0x0000000080000000,0x0000000087a576c0,0x0000000087a80000)
 Metaspace       used 67692K, committed 69312K, reserved 1114112K
  class space    used 6997K, committed 7744K, reserved 1048576K
}
Event: 13.182 GC heap after
{Heap after GC invocations=257 (full 3):
 PSYoungGen      total 10752K, used 1190K [0x00000000d5580000, 0x00000000d6400000, 0x0000000100000000)
  eden space 9216K, 0% used [0x00000000d5580000,0x00000000d5580000,0x00000000d5e80000)
  from space 1536K, 77% used [0x00000000d6280000,0x00000000d63a98b0,0x00000000d6400000)
  to   space 2048K, 0% used [0x00000000d6000000,0x00000000d6000000,0x00000000d6200000)
 ParOldGen       total 126976K, used 126684K [0x0000000080000000, 0x0000000087c00000, 0x00000000d5580000)
  object space 126976K, 99% used [0x0000000080000000,0x0000000087bb72d8,0x0000000087c00000)
 Metaspace       used 67692K, committed 69312K, reserved 1114112K
  class space    used 6997K, committed 7744K, reserved 1048576K
}
Event: 13.224 GC heap before
{Heap before GC invocations=258 (full 3):
 PSYoungGen      total 10752K, used 10406K [0x00000000d5580000, 0x00000000d6400000, 0x0000000100000000)
  eden space 9216K, 100% used [0x00000000d5580000,0x00000000d5e80000,0x00000000d5e80000)
  from space 1536K, 77% used [0x00000000d6280000,0x00000000d63a98b0,0x00000000d6400000)
  to   space 2048K, 0% used [0x00000000d6000000,0x00000000d6000000,0x00000000d6200000)
 ParOldGen       total 126976K, used 126684K [0x0000000080000000, 0x0000000087c00000, 0x00000000d5580000)
  object space 126976K, 99% used [0x0000000080000000,0x0000000087bb72d8,0x0000000087c00000)
 Metaspace       used 67728K, committed 69376K, reserved 1114112K
  class space    used 6998K, committed 7744K, reserved 1048576K
}
Event: 13.226 GC heap after
{Heap after GC invocations=258 (full 3):
 PSYoungGen      total 10752K, used 1182K [0x00000000d5580000, 0x00000000d6300000, 0x0000000100000000)
  eden space 9216K, 0% used [0x00000000d5580000,0x00000000d5580000,0x00000000d5e80000)
  from space 1536K, 76% used [0x00000000d6000000,0x00000000d6127aa0,0x00000000d6180000)
  to   space 1536K, 0% used [0x00000000d6180000,0x00000000d6180000,0x00000000d6300000)
 ParOldGen       total 127488K, used 127044K [0x0000000080000000, 0x0000000087c80000, 0x00000000d5580000)
  object space 127488K, 99% used [0x0000000080000000,0x0000000087c112f8,0x0000000087c80000)
 Metaspace       used 67728K, committed 69376K, reserved 1114112K
  class space    used 6998K, committed 7744K, reserved 1048576K
}
Event: 13.258 GC heap before
{Heap before GC invocations=259 (full 3):
 PSYoungGen      total 10752K, used 10398K [0x00000000d5580000, 0x00000000d6300000, 0x0000000100000000)
  eden space 9216K, 100% used [0x00000000d5580000,0x00000000d5e80000,0x00000000d5e80000)
  from space 1536K, 76% used [0x00000000d6000000,0x00000000d6127aa0,0x00000000d6180000)
  to   space 1536K, 0% used [0x00000000d6180000,0x00000000d6180000,0x00000000d6300000)
 ParOldGen       total 127488K, used 127044K [0x0000000080000000, 0x0000000087c80000, 0x00000000d5580000)
  object space 127488K, 99% used [0x0000000080000000,0x0000000087c112f8,0x0000000087c80000)
 Metaspace       used 67734K, committed 69376K, reserved 1114112K
  class space    used 6999K, committed 7744K, reserved 1048576K
}
Event: 13.260 GC heap after
{Heap after GC invocations=259 (full 3):
 PSYoungGen      total 10752K, used 1483K [0x00000000d5580000, 0x00000000d6300000, 0x0000000100000000)
  eden space 9216K, 0% used [0x00000000d5580000,0x00000000d5580000,0x00000000d5e80000)
  from space 1536K, 96% used [0x00000000d6180000,0x00000000d62f2db0,0x00000000d6300000)
  to   space 2048K, 0% used [0x00000000d5f00000,0x00000000d5f00000,0x00000000d6100000)
 ParOldGen       total 127488K, used 127121K [0x0000000080000000, 0x0000000087c80000, 0x00000000d5580000)
  object space 127488K, 99% used [0x0000000080000000,0x0000000087c24408,0x0000000087c80000)
 Metaspace       used 67734K, committed 69376K, reserved 1114112K
  class space    used 6999K, committed 7744K, reserved 1048576K
}
Event: 13.281 GC heap before
{Heap before GC invocations=260 (full 3):
 PSYoungGen      total 10752K, used 10699K [0x00000000d5580000, 0x00000000d6300000, 0x0000000100000000)
  eden space 9216K, 100% used [0x00000000d5580000,0x00000000d5e80000,0x00000000d5e80000)
  from space 1536K, 96% used [0x00000000d6180000,0x00000000d62f2db0,0x00000000d6300000)
  to   space 2048K, 0% used [0x00000000d5f00000,0x00000000d5f00000,0x00000000d6100000)
 ParOldGen       total 127488K, used 127121K [0x0000000080000000, 0x0000000087c80000, 0x00000000d5580000)
  object space 127488K, 99% used [0x0000000080000000,0x0000000087c24408,0x0000000087c80000)
 Metaspace       used 67751K, committed 69376K, reserved 1114112K
  class space    used 7000K, committed 7744K, reserved 1048576K
}
Event: 13.283 GC heap after
{Heap after GC invocations=260 (full 3):
 PSYoungGen      total 10752K, used 1473K [0x00000000d5580000, 0x00000000d6200000, 0x0000000100000000)
  eden space 9216K, 0% used [0x00000000d5580000,0x00000000d5580000,0x00000000d5e80000)
  from space 1536K, 95% used [0x00000000d5f00000,0x00000000d6070520,0x00000000d6080000)
  to   space 1536K, 0% used [0x00000000d6080000,0x00000000d6080000,0x00000000d6200000)
 ParOldGen       total 127488K, used 127193K [0x0000000080000000, 0x0000000087c80000, 0x00000000d5580000)
  object space 127488K, 99% used [0x0000000080000000,0x0000000087c36408,0x0000000087c80000)
 Metaspace       used 67751K, committed 69376K, reserved 1114112K
  class space    used 7000K, committed 7744K, reserved 1048576K
}
Event: 13.381 GC heap before
{Heap before GC invocations=261 (full 3):
 PSYoungGen      total 10752K, used 10689K [0x00000000d5580000, 0x00000000d6200000, 0x0000000100000000)
  eden space 9216K, 100% used [0x00000000d5580000,0x00000000d5e80000,0x00000000d5e80000)
  from space 1536K, 95% used [0x00000000d5f00000,0x00000000d6070520,0x00000000d6080000)
  to   space 1536K, 0% used [0x00000000d6080000,0x00000000d6080000,0x00000000d6200000)
 ParOldGen       total 127488K, used 127193K [0x0000000080000000, 0x0000000087c80000, 0x00000000d5580000)
  object space 127488K, 99% used [0x0000000080000000,0x0000000087c36408,0x0000000087c80000)
 Metaspace       used 68405K, committed 70016K, reserved 1114112K
  class space    used 7049K, committed 7744K, reserved 1048576K
}
Event: 13.384 GC heap after
{Heap after GC invocations=261 (full 3):
 PSYoungGen      total 9728K, used 304K [0x00000000d5580000, 0x00000000d6100000, 0x0000000100000000)
  eden space 9216K, 0% used [0x00000000d5580000,0x00000000d5580000,0x00000000d5e80000)
  from space 512K, 59% used [0x00000000d6080000,0x00000000d60cc010,0x00000000d6100000)
  to   space 1024K, 0% used [0x00000000d5f00000,0x00000000d5f00000,0x00000000d6000000)
 ParOldGen       total 127488K, used 127276K [0x0000000080000000, 0x0000000087c80000, 0x00000000d5580000)
  object space 127488K, 99% used [0x0000000080000000,0x0000000087c4b198,0x0000000087c80000)
 Metaspace       used 68405K, committed 70016K, reserved 1114112K
  class space    used 7049K, committed 7744K, reserved 1048576K
}
Event: 13.653 GC heap before
{Heap before GC invocations=262 (full 3):
 PSYoungGen      total 9728K, used 9520K [0x00000000d5580000, 0x00000000d6100000, 0x0000000100000000)
  eden space 9216K, 100% used [0x00000000d5580000,0x00000000d5e80000,0x00000000d5e80000)
  from space 512K, 59% used [0x00000000d6080000,0x00000000d60cc010,0x00000000d6100000)
  to   space 1024K, 0% used [0x00000000d5f00000,0x00000000d5f00000,0x00000000d6000000)
 ParOldGen       total 127488K, used 127276K [0x0000000080000000, 0x0000000087c80000, 0x00000000d5580000)
  object space 127488K, 99% used [0x0000000080000000,0x0000000087c4b198,0x0000000087c80000)
 Metaspace       used 69337K, committed 70976K, reserved 1114112K
  class space    used 7125K, committed 7808K, reserved 1048576K
}
Event: 13.656 GC heap after
{Heap after GC invocations=262 (full 3):
 PSYoungGen      total 10240K, used 512K [0x00000000d5580000, 0x00000000d6100000, 0x0000000100000000)
  eden space 9216K, 0% used [0x00000000d5580000,0x00000000d5580000,0x00000000d5e80000)
  from space 1024K, 50% used [0x00000000d5f00000,0x00000000d5f80000,0x00000000d6000000)
  to   space 1024K, 0% used [0x00000000d6000000,0x00000000d6000000,0x00000000d6100000)
 ParOldGen       total 127488K, used 127420K [0x0000000080000000, 0x0000000087c80000, 0x00000000d5580000)
  object space 127488K, 99% used [0x0000000080000000,0x0000000087c6f1a8,0x0000000087c80000)
 Metaspace       used 69337K, committed 70976K, reserved 1114112K
  class space    used 7125K, committed 7808K, reserved 1048576K
}
Event: 13.922 GC heap before
{Heap before GC invocations=263 (full 3):
 PSYoungGen      total 10240K, used 9724K [0x00000000d5580000, 0x00000000d6100000, 0x0000000100000000)
  eden space 9216K, 99% used [0x00000000d5580000,0x00000000d5e7f138,0x00000000d5e80000)
  from space 1024K, 50% used [0x00000000d5f00000,0x00000000d5f80000,0x00000000d6000000)
  to   space 1024K, 0% used [0x00000000d6000000,0x00000000d6000000,0x00000000d6100000)
 ParOldGen       total 127488K, used 127420K [0x0000000080000000, 0x0000000087c80000, 0x00000000d5580000)
  object space 127488K, 99% used [0x0000000080000000,0x0000000087c6f1a8,0x0000000087c80000)
 Metaspace       used 70086K, committed 71680K, reserved 1114112K
  class space    used 7197K, committed 7872K, reserved 1048576K
}
Event: 13.925 GC heap after
{Heap after GC invocations=263 (full 3):
 PSYoungGen      total 9728K, used 1024K [0x00000000d5580000, 0x00000000d6280000, 0x0000000100000000)
  eden space 8704K, 0% used [0x00000000d5580000,0x00000000d5580000,0x00000000d5e00000)
  from space 1024K, 100% used [0x00000000d6000000,0x00000000d6100000,0x00000000d6100000)
  to   space 2048K, 0% used [0x00000000d5e00000,0x00000000d5e00000,0x00000000d6000000)
 ParOldGen       total 128000K, used 127807K [0x0000000080000000, 0x0000000087d00000, 0x00000000d5580000)
  object space 128000K, 99% used [0x0000000080000000,0x0000000087ccfd98,0x0000000087d00000)
 Metaspace       used 70086K, committed 71680K, reserved 1114112K
  class space    used 7197K, committed 7872K, reserved 1048576K
}
Event: 14.073 GC heap before
{Heap before GC invocations=264 (full 3):
 PSYoungGen      total 9728K, used 9728K [0x00000000d5580000, 0x00000000d6280000, 0x0000000100000000)
  eden space 8704K, 100% used [0x00000000d5580000,0x00000000d5e00000,0x00000000d5e00000)
  from space 1024K, 100% used [0x00000000d6000000,0x00000000d6100000,0x00000000d6100000)
  to   space 2048K, 0% used [0x00000000d5e00000,0x00000000d5e00000,0x00000000d6000000)
 ParOldGen       total 128000K, used 127807K [0x0000000080000000, 0x0000000087d00000, 0x00000000d5580000)
  object space 128000K, 99% used [0x0000000080000000,0x0000000087ccfd98,0x0000000087d00000)
 Metaspace       used 70641K, committed 72320K, reserved 1114112K
  class space    used 7269K, committed 8000K, reserved 1048576K
}
Event: 14.076 GC heap after
{Heap after GC invocations=264 (full 3):
 PSYoungGen      total 10752K, used 1610K [0x00000000d5580000, 0x00000000d6200000, 0x0000000100000000)
  eden space 8704K, 0% used [0x00000000d5580000,0x00000000d5580000,0x00000000d5e00000)
  from space 2048K, 78% used [0x00000000d5e00000,0x00000000d5f92880,0x00000000d6000000)
  to   space 2048K, 0% used [0x00000000d6000000,0x00000000d6000000,0x00000000d6200000)
 ParOldGen       total 128512K, used 128460K [0x0000000080000000, 0x0000000087d80000, 0x00000000d5580000)
  object space 128512K, 99% used [0x0000000080000000,0x0000000087d73038,0x0000000087d80000)
 Metaspace       used 70641K, committed 72320K, reserved 1114112K
  class space    used 7269K, committed 8000K, reserved 1048576K
}
Event: 14.171 GC heap before
{Heap before GC invocations=265 (full 3):
 PSYoungGen      total 10752K, used 10314K [0x00000000d5580000, 0x00000000d6200000, 0x0000000100000000)
  eden space 8704K, 100% used [0x00000000d5580000,0x00000000d5e00000,0x00000000d5e00000)
  from space 2048K, 78% used [0x00000000d5e00000,0x00000000d5f92880,0x00000000d6000000)
  to   space 2048K, 0% used [0x00000000d6000000,0x00000000d6000000,0x00000000d6200000)
 ParOldGen       total 128512K, used 128460K [0x0000000080000000, 0x0000000087d80000, 0x00000000d5580000)
  object space 128512K, 99% used [0x0000000080000000,0x0000000087d73038,0x0000000087d80000)
 Metaspace       used 71430K, committed 73088K, reserved 1114112K
  class space    used 7342K, committed 8064K, reserved 1048576K
}
Event: 14.173 GC heap after
{Heap after GC invocations=265 (full 3):
 PSYoungGen      total 9728K, used 726K [0x00000000d5580000, 0x00000000d6100000, 0x0000000100000000)
  eden space 8704K, 0% used [0x00000000d5580000,0x00000000d5580000,0x00000000d5e00000)
  from space 1024K, 70% used [0x00000000d6000000,0x00000000d60b5808,0x00000000d6100000)
  to   space 1536K, 0% used [0x00000000d5e00000,0x00000000d5e00000,0x00000000d5f80000)
 ParOldGen       total 129536K, used 129066K [0x0000000080000000, 0x0000000087e80000, 0x00000000d5580000)
  object space 129536K, 99% used [0x0000000080000000,0x0000000087e0a940,0x0000000087e80000)
 Metaspace       used 71430K, committed 73088K, reserved 1114112K
  class space    used 7342K, committed 8064K, reserved 1048576K
}

