# JRE version: Java(TM) SE Runtime Environment (22.0.1+8) (build 22.0.1+8-16)
# Java VM: Java HotSpot(TM) 64-Bit Server VM (22.0.1+8-16, mixed mode, sharing, tiered, compressed oops, compressed class ptrs, g1 gc, windows-amd64)
GC Precious Log:
 CardTable entry size: 512
 Card Set container configuration: InlinePtr #cards 5 size 8 Array Of Cards #cards 12 size 40 Howl #buckets 4 coarsen threshold 1843 Howl Bitmap #cards 512 size 80 coarsen threshold 460 Card regions per heap region 1 cards per card region 2048
 CPUs: 12 total, 12 available
 Memory: 7922M
 Large Page Support: Disabled
 NUMA Support: Disabled
 Compressed Oops: Enabled (32-bit)
 Heap Region Size: 1M
 Heap Min Capacity: 8M
 Heap Initial Capacity: 124M
 Heap Max Capacity: 1982M
 Pre-touch: Disabled
 Parallel Workers: 10
 Concurrent Workers: 3
 Concurrent Refinement Workers: 10
 Periodic GC: Disabled
Heap:
 garbage-first heap   total reserved 2029568K, committed 72704K, used 46976K [0x0000000084200000, 0x0000000100000000)
  region size 1024K, 26 young (26624K), 4 survivors (4096K)
 Metaspace       used 55085K, committed 55680K, reserved 1114112K
  class space    used 7398K, committed 7680K, reserved 1048576K
GC Heap History (16 events):
Event: 0.804 GC heap before
{Heap before GC invocations=0 (full 0):
 garbage-first heap   total reserved 2029568K, committed 126976K, used 25600K [0x0000000084200000, 0x0000000100000000)
  region size 1024K, 24 young (24576K), 0 survivors (0K)
 Metaspace       used 5344K, committed 5568K, reserved 1114112K
  class space    used 626K, committed 704K, reserved 1048576K
}
Event: 0.810 GC heap after
{Heap after GC invocations=1 (full 0):
 garbage-first heap   total reserved 2029568K, committed 126976K, used 9696K [0x0000000084200000, 0x0000000100000000)
  region size 1024K, 3 young (3072K), 3 survivors (3072K)
 Metaspace       used 5344K, committed 5568K, reserved 1114112K
  class space    used 626K, committed 704K, reserved 1048576K
}
Event: 1.336 GC heap before
{Heap before GC invocations=1 (full 0):
 garbage-first heap   total reserved 2029568K, committed 126976K, used 37344K [0x0000000084200000, 0x0000000100000000)
  region size 1024K, 30 young (30720K), 3 survivors (3072K)
 Metaspace       used 12683K, committed 12928K, reserved 1114112K
  class space    used 1646K, committed 1792K, reserved 1048576K
}
Event: 1.343 GC heap after
{Heap after GC invocations=2 (full 0):
 garbage-first heap   total reserved 2029568K, committed 126976K, used 12335K [0x0000000084200000, 0x0000000100000000)
  region size 1024K, 3 young (3072K), 3 survivors (3072K)
 Metaspace       used 12683K, committed 12928K, reserved 1114112K
  class space    used 1646K, committed 1792K, reserved 1048576K
}
Event: 1.834 GC heap before
{Heap before GC invocations=2 (full 0):
 garbage-first heap   total reserved 2029568K, committed 126976K, used 39983K [0x0000000084200000, 0x0000000100000000)
  region size 1024K, 31 young (31744K), 3 survivors (3072K)
 Metaspace       used 21132K, committed 21504K, reserved 1114112K
  class space    used 2746K, committed 2944K, reserved 1048576K
}
Event: 1.840 GC heap after
{Heap after GC invocations=3 (full 0):
 garbage-first heap   total reserved 2029568K, committed 126976K, used 14401K [0x0000000084200000, 0x0000000100000000)
  region size 1024K, 5 young (5120K), 5 survivors (5120K)
 Metaspace       used 21132K, committed 21504K, reserved 1114112K
  class space    used 2746K, committed 2944K, reserved 1048576K
}
Event: 3.033 GC heap before
{Heap before GC invocations=4 (full 0):
 garbage-first heap   total reserved 2029568K, committed 51200K, used 50241K [0x0000000084200000, 0x0000000100000000)
  region size 1024K, 40 young (40960K), 5 survivors (5120K)
 Metaspace       used 25832K, committed 26240K, reserved 1114112K
  class space    used 3360K, committed 3520K, reserved 1048576K
}
Event: 3.041 GC heap after
{Heap after GC invocations=5 (full 0):
 garbage-first heap   total reserved 2029568K, committed 60416K, used 18540K [0x0000000084200000, 0x0000000100000000)
  region size 1024K, 9 young (9216K), 9 survivors (9216K)
 Metaspace       used 25832K, committed 26240K, reserved 1114112K
  class space    used 3360K, committed 3520K, reserved 1048576K
}
Event: 3.956 GC heap before
{Heap before GC invocations=5 (full 0):
 garbage-first heap   total reserved 2029568K, committed 60416K, used 45164K [0x0000000084200000, 0x0000000100000000)
  region size 1024K, 35 young (35840K), 9 survivors (9216K)
 Metaspace       used 29064K, committed 29504K, reserved 1114112K
  class space    used 3789K, committed 3968K, reserved 1048576K
}
Event: 3.968 GC heap after
{Heap after GC invocations=6 (full 0):
 garbage-first heap   total reserved 2029568K, committed 60416K, used 19968K [0x0000000084200000, 0x0000000100000000)
  region size 1024K, 3 young (3072K), 3 survivors (3072K)
 Metaspace       used 29064K, committed 29504K, reserved 1114112K
  class space    used 3789K, committed 3968K, reserved 1048576K
}
Event: 4.518 GC heap before
{Heap before GC invocations=6 (full 0):
 garbage-first heap   total reserved 2029568K, committed 60416K, used 47616K [0x0000000084200000, 0x0000000100000000)
  region size 1024K, 30 young (30720K), 3 survivors (3072K)
 Metaspace       used 32702K, committed 33216K, reserved 1114112K
  class space    used 4349K, committed 4608K, reserved 1048576K
}
Event: 4.527 GC heap after
{Heap after GC invocations=7 (full 0):
 garbage-first heap   total reserved 2029568K, committed 60416K, used 22471K [0x0000000084200000, 0x0000000100000000)
  region size 1024K, 3 young (3072K), 3 survivors (3072K)
 Metaspace       used 32702K, committed 33216K, reserved 1114112K
  class space    used 4349K, committed 4608K, reserved 1048576K
}
Event: 4.762 GC heap before
{Heap before GC invocations=7 (full 0):
 garbage-first heap   total reserved 2029568K, committed 60416K, used 32711K [0x0000000084200000, 0x0000000100000000)
  region size 1024K, 14 young (14336K), 3 survivors (3072K)
 Metaspace       used 35497K, committed 35968K, reserved 1114112K
  class space    used 4721K, committed 4928K, reserved 1048576K
}
Event: 4.768 GC heap after
{Heap after GC invocations=8 (full 0):
 garbage-first heap   total reserved 2029568K, committed 72704K, used 23383K [0x0000000084200000, 0x0000000100000000)
  region size 1024K, 1 young (1024K), 1 survivors (1024K)
 Metaspace       used 35497K, committed 35968K, reserved 1114112K
  class space    used 4721K, committed 4928K, reserved 1048576K
}
Event: 5.816 GC heap before
{Heap before GC invocations=9 (full 0):
 garbage-first heap   total reserved 2029568K, committed 72704K, used 62295K [0x0000000084200000, 0x0000000100000000)
  region size 1024K, 39 young (39936K), 1 survivors (1024K)
 Metaspace       used 49445K, committed 49984K, reserved 1114112K
  class space    used 6638K, committed 6848K, reserved 1048576K
}
Event: 5.821 GC heap after
{Heap after GC invocations=10 (full 0):
 garbage-first heap   total reserved 2029568K, committed 72704K, used 26496K [0x0000000084200000, 0x0000000100000000)
  region size 1024K, 4 young (4096K), 4 survivors (4096K)
 Metaspace       used 49445K, committed 49984K, reserved 1114112K
  class space    used 6638K, committed 6848K, reserved 1048576K
}

