# JRE version: OpenJDK Runtime Environment Temurin-21.0.9+10 (21.0.9+10) (build 21.0.9+10-LTS)
# Java VM: OpenJDK 64-Bit Server VM Temurin-21.0.9+10 (21.0.9+10-LTS, mixed mode, sharing, tiered, compressed oops, compressed class ptrs, parallel gc, windows-amd64)
GC Precious Log:
 CardTable entry size: 512
 CPUs: 12 total, 12 available
 Memory: 7922M
 Large Page Support: Disabled
 NUMA Support: Disabled
 Compressed Oops: Enabled (32-bit)
 Alignments: Space 512K, Generation 512K, Heap 2M
 Heap Min Capacity: 100M
 Heap Initial Capacity: 100M
 Heap Max Capacity: 2G
 Pre-touch: Disabled
 Parallel Workers: 10
Heap:
 PSYoungGen      total 8704K, used 6783K [0x00000000d5580000, 0x00000000d6000000, 0x0000000100000000)
  eden space 7680K, 80% used [0x00000000d5580000,0x00000000d5b8eb40,0x00000000d5d00000)
  from space 1024K, 56% used [0x00000000d5e00000,0x00000000d5e91230,0x00000000d5f00000)
  to   space 1024K, 0% used [0x00000000d5f00000,0x00000000d5f00000,0x00000000d6000000)
 ParOldGen       total 167424K, used 167137K [0x0000000080000000, 0x000000008a380000, 0x00000000d5580000)
  object space 167424K, 99% used [0x0000000080000000,0x000000008a338760,0x000000008a380000)
 Metaspace       used 74808K, committed 76544K, reserved 1179648K
  class space    used 7702K, committed 8448K, reserved 1048576K
GC Heap History (20 events):
Event: 283.776 GC heap before
{Heap before GC invocations=135 (full 3):
 PSYoungGen      total 10752K, used 10272K [0x00000000d5580000, 0x00000000d6300000, 0x0000000100000000)
  eden space 9216K, 100% used [0x00000000d5580000,0x00000000d5e80000,0x00000000d5e80000)
  from space 1536K, 68% used [0x00000000d6100000,0x00000000d6208000,0x00000000d6280000)
  to   space 512K, 0% used [0x00000000d6280000,0x00000000d6280000,0x00000000d6300000)
 ParOldGen       total 160256K, used 159757K [0x0000000080000000, 0x0000000089c80000, 0x00000000d5580000)
  object space 160256K, 99% used [0x0000000080000000,0x0000000089c03488,0x0000000089c80000)
 Metaspace       used 72886K, committed 74496K, reserved 1179648K
  class space    used 7513K, committed 8192K, reserved 1048576K
}
Event: 283.782 GC heap after
{Heap after GC invocations=135 (full 3):
 PSYoungGen      total 9728K, used 512K [0x00000000d5580000, 0x00000000d6480000, 0x0000000100000000)
  eden space 9216K, 0% used [0x00000000d5580000,0x00000000d5580000,0x00000000d5e80000)
  from space 512K, 100% used [0x00000000d6280000,0x00000000d6300000,0x00000000d6300000)
  to   space 3072K, 0% used [0x00000000d5e80000,0x00000000d5e80000,0x00000000d6180000)
 ParOldGen       total 161792K, used 161585K [0x0000000080000000, 0x0000000089e00000, 0x00000000d5580000)
  object space 161792K, 99% used [0x0000000080000000,0x0000000089dcc420,0x0000000089e00000)
 Metaspace       used 72886K, committed 74496K, reserved 1179648K
  class space    used 7513K, committed 8192K, reserved 1048576K
}
Event: 284.208 GC heap before
{Heap before GC invocations=136 (full 3):
 PSYoungGen      total 9728K, used 9728K [0x00000000d5580000, 0x00000000d6480000, 0x0000000100000000)
  eden space 9216K, 100% used [0x00000000d5580000,0x00000000d5e80000,0x00000000d5e80000)
  from space 512K, 100% used [0x00000000d6280000,0x00000000d6300000,0x00000000d6300000)
  to   space 3072K, 0% used [0x00000000d5e80000,0x00000000d5e80000,0x00000000d6180000)
 ParOldGen       total 161792K, used 161585K [0x0000000080000000, 0x0000000089e00000, 0x00000000d5580000)
  object space 161792K, 99% used [0x0000000080000000,0x0000000089dcc420,0x0000000089e00000)
 Metaspace       used 73017K, committed 74688K, reserved 1179648K
  class space    used 7527K, committed 8256K, reserved 1048576K
}
Event: 284.213 GC heap after
{Heap after GC invocations=136 (full 3):
 PSYoungGen      total 10752K, used 1430K [0x00000000d5580000, 0x00000000d6300000, 0x0000000100000000)
  eden space 9216K, 0% used [0x00000000d5580000,0x00000000d5580000,0x00000000d5e80000)
  from space 1536K, 93% used [0x00000000d5e80000,0x00000000d5fe5b68,0x00000000d6000000)
  to   space 2048K, 0% used [0x00000000d6100000,0x00000000d6100000,0x00000000d6300000)
 ParOldGen       total 162304K, used 162137K [0x0000000080000000, 0x0000000089e80000, 0x00000000d5580000)
  object space 162304K, 99% used [0x0000000080000000,0x0000000089e56420,0x0000000089e80000)
 Metaspace       used 73017K, committed 74688K, reserved 1179648K
  class space    used 7527K, committed 8256K, reserved 1048576K
}
Event: 284.941 GC heap before
{Heap before GC invocations=137 (full 3):
 PSYoungGen      total 10752K, used 10427K [0x00000000d5580000, 0x00000000d6300000, 0x0000000100000000)
  eden space 9216K, 97% used [0x00000000d5580000,0x00000000d5e49258,0x00000000d5e80000)
  from space 1536K, 93% used [0x00000000d5e80000,0x00000000d5fe5b68,0x00000000d6000000)
  to   space 2048K, 0% used [0x00000000d6100000,0x00000000d6100000,0x00000000d6300000)
 ParOldGen       total 162304K, used 162137K [0x0000000080000000, 0x0000000089e80000, 0x00000000d5580000)
  object space 162304K, 99% used [0x0000000080000000,0x0000000089e56420,0x0000000089e80000)
 Metaspace       used 73246K, committed 74880K, reserved 1179648K
  class space    used 7535K, committed 8256K, reserved 1048576K
}
Event: 284.969 GC heap after
{Heap after GC invocations=137 (full 3):
 PSYoungGen      total 9728K, used 2036K [0x00000000d5580000, 0x00000000d6680000, 0x0000000100000000)
  eden space 7680K, 0% used [0x00000000d5580000,0x00000000d5580000,0x00000000d5d00000)
  from space 2048K, 99% used [0x00000000d6100000,0x00000000d62fd1d8,0x00000000d6300000)
  to   space 4096K, 0% used [0x00000000d5d00000,0x00000000d5d00000,0x00000000d6100000)
 ParOldGen       total 163840K, used 163454K [0x0000000080000000, 0x000000008a000000, 0x00000000d5580000)
  object space 163840K, 99% used [0x0000000080000000,0x0000000089f9fa20,0x000000008a000000)
 Metaspace       used 73246K, committed 74880K, reserved 1179648K
  class space    used 7535K, committed 8256K, reserved 1048576K
}
Event: 285.154 GC heap before
{Heap before GC invocations=138 (full 3):
 PSYoungGen      total 9728K, used 9716K [0x00000000d5580000, 0x00000000d6680000, 0x0000000100000000)
  eden space 7680K, 100% used [0x00000000d5580000,0x00000000d5d00000,0x00000000d5d00000)
  from space 2048K, 99% used [0x00000000d6100000,0x00000000d62fd1d8,0x00000000d6300000)
  to   space 4096K, 0% used [0x00000000d5d00000,0x00000000d5d00000,0x00000000d6100000)
 ParOldGen       total 163840K, used 163454K [0x0000000080000000, 0x000000008a000000, 0x00000000d5580000)
  object space 163840K, 99% used [0x0000000080000000,0x0000000089f9fa20,0x000000008a000000)
 Metaspace       used 73340K, committed 74944K, reserved 1179648K
  class space    used 7540K, committed 8256K, reserved 1048576K
}
Event: 285.160 GC heap after
{Heap after GC invocations=138 (full 3):
 PSYoungGen      total 8192K, used 448K [0x00000000d5580000, 0x00000000d6180000, 0x0000000100000000)
  eden space 7680K, 0% used [0x00000000d5580000,0x00000000d5580000,0x00000000d5d00000)
  from space 512K, 87% used [0x00000000d5d00000,0x00000000d5d70000,0x00000000d5d80000)
  to   space 1536K, 0% used [0x00000000d6000000,0x00000000d6000000,0x00000000d6180000)
 ParOldGen       total 164864K, used 164759K [0x0000000080000000, 0x000000008a100000, 0x00000000d5580000)
  object space 164864K, 99% used [0x0000000080000000,0x000000008a0e5ff8,0x000000008a100000)
 Metaspace       used 73340K, committed 74944K, reserved 1179648K
  class space    used 7540K, committed 8256K, reserved 1048576K
}
Event: 285.603 GC heap before
{Heap before GC invocations=139 (full 3):
 PSYoungGen      total 8192K, used 8128K [0x00000000d5580000, 0x00000000d6180000, 0x0000000100000000)
  eden space 7680K, 100% used [0x00000000d5580000,0x00000000d5d00000,0x00000000d5d00000)
  from space 512K, 87% used [0x00000000d5d00000,0x00000000d5d70000,0x00000000d5d80000)
  to   space 1536K, 0% used [0x00000000d6000000,0x00000000d6000000,0x00000000d6180000)
 ParOldGen       total 164864K, used 164759K [0x0000000080000000, 0x000000008a100000, 0x00000000d5580000)
  object space 164864K, 99% used [0x0000000080000000,0x000000008a0e5ff8,0x000000008a100000)
 Metaspace       used 73365K, committed 75008K, reserved 1179648K
  class space    used 7541K, committed 8256K, reserved 1048576K
}
Event: 285.606 GC heap after
{Heap after GC invocations=139 (full 3):
 PSYoungGen      total 8192K, used 192K [0x00000000d5580000, 0x00000000d6080000, 0x0000000100000000)
  eden space 7680K, 0% used [0x00000000d5580000,0x00000000d5580000,0x00000000d5d00000)
  from space 512K, 37% used [0x00000000d6000000,0x00000000d6030000,0x00000000d6080000)
  to   space 512K, 0% used [0x00000000d5d00000,0x00000000d5d00000,0x00000000d5d80000)
 ParOldGen       total 165376K, used 165127K [0x0000000080000000, 0x000000008a180000, 0x00000000d5580000)
  object space 165376K, 99% used [0x0000000080000000,0x000000008a141ff8,0x000000008a180000)
 Metaspace       used 73365K, committed 75008K, reserved 1179648K
  class space    used 7541K, committed 8256K, reserved 1048576K
}
Event: 286.601 GC heap before
{Heap before GC invocations=140 (full 3):
 PSYoungGen      total 8192K, used 7871K [0x00000000d5580000, 0x00000000d6080000, 0x0000000100000000)
  eden space 7680K, 99% used [0x00000000d5580000,0x00000000d5cfffe0,0x00000000d5d00000)
  from space 512K, 37% used [0x00000000d6000000,0x00000000d6030000,0x00000000d6080000)
  to   space 512K, 0% used [0x00000000d5d00000,0x00000000d5d00000,0x00000000d5d80000)
 ParOldGen       total 165376K, used 165127K [0x0000000080000000, 0x000000008a180000, 0x00000000d5580000)
  object space 165376K, 99% used [0x0000000080000000,0x000000008a141ff8,0x000000008a180000)
 Metaspace       used 73579K, committed 75200K, reserved 1179648K
  class space    used 7565K, committed 8256K, reserved 1048576K
}
Event: 286.606 GC heap after
{Heap after GC invocations=140 (full 3):
 PSYoungGen      total 8192K, used 480K [0x00000000d5580000, 0x00000000d6080000, 0x0000000100000000)
  eden space 7680K, 0% used [0x00000000d5580000,0x00000000d5580000,0x00000000d5d00000)
  from space 512K, 93% used [0x00000000d5d00000,0x00000000d5d78020,0x00000000d5d80000)
  to   space 1024K, 0% used [0x00000000d5f80000,0x00000000d5f80000,0x00000000d6080000)
 ParOldGen       total 165376K, used 165199K [0x0000000080000000, 0x000000008a180000, 0x00000000d5580000)
  object space 165376K, 99% used [0x0000000080000000,0x000000008a153ff8,0x000000008a180000)
 Metaspace       used 73579K, committed 75200K, reserved 1179648K
  class space    used 7565K, committed 8256K, reserved 1048576K
}
Event: 287.334 GC heap before
{Heap before GC invocations=141 (full 3):
 PSYoungGen      total 8192K, used 8159K [0x00000000d5580000, 0x00000000d6080000, 0x0000000100000000)
  eden space 7680K, 99% used [0x00000000d5580000,0x00000000d5cfffd8,0x00000000d5d00000)
  from space 512K, 93% used [0x00000000d5d00000,0x00000000d5d78020,0x00000000d5d80000)
  to   space 1024K, 0% used [0x00000000d5f80000,0x00000000d5f80000,0x00000000d6080000)
 ParOldGen       total 165376K, used 165199K [0x0000000080000000, 0x000000008a180000, 0x00000000d5580000)
  object space 165376K, 99% used [0x0000000080000000,0x000000008a153ff8,0x000000008a180000)
 Metaspace       used 73829K, committed 75456K, reserved 1179648K
  class space    used 7606K, committed 8320K, reserved 1048576K
}
Event: 287.344 GC heap after
{Heap after GC invocations=141 (full 3):
 PSYoungGen      total 8704K, used 928K [0x00000000d5580000, 0x00000000d6080000, 0x0000000100000000)
  eden space 7680K, 0% used [0x00000000d5580000,0x00000000d5580000,0x00000000d5d00000)
  from space 1024K, 90% used [0x00000000d5f80000,0x00000000d6068000,0x00000000d6080000)
  to   space 1024K, 0% used [0x00000000d5e80000,0x00000000d5e80000,0x00000000d5f80000)
 ParOldGen       total 165888K, used 165484K [0x0000000080000000, 0x000000008a200000, 0x00000000d5580000)
  object space 165888K, 99% used [0x0000000080000000,0x000000008a19b028,0x000000008a200000)
 Metaspace       used 73829K, committed 75456K, reserved 1179648K
  class space    used 7606K, committed 8320K, reserved 1048576K
}
Event: 287.601 GC heap before
{Heap before GC invocations=142 (full 3):
 PSYoungGen      total 8704K, used 8608K [0x00000000d5580000, 0x00000000d6080000, 0x0000000100000000)
  eden space 7680K, 100% used [0x00000000d5580000,0x00000000d5d00000,0x00000000d5d00000)
  from space 1024K, 90% used [0x00000000d5f80000,0x00000000d6068000,0x00000000d6080000)
  to   space 1024K, 0% used [0x00000000d5e80000,0x00000000d5e80000,0x00000000d5f80000)
 ParOldGen       total 165888K, used 165484K [0x0000000080000000, 0x000000008a200000, 0x00000000d5580000)
  object space 165888K, 99% used [0x0000000080000000,0x000000008a19b028,0x000000008a200000)
 Metaspace       used 73906K, committed 75520K, reserved 1179648K
  class space    used 7616K, committed 8320K, reserved 1048576K
}
Event: 287.605 GC heap after
{Heap after GC invocations=142 (full 3):
 PSYoungGen      total 8704K, used 704K [0x00000000d5580000, 0x00000000d6000000, 0x0000000100000000)
  eden space 7680K, 0% used [0x00000000d5580000,0x00000000d5580000,0x00000000d5d00000)
  from space 1024K, 68% used [0x00000000d5e80000,0x00000000d5f30000,0x00000000d5f80000)
  to   space 512K, 0% used [0x00000000d5f80000,0x00000000d5f80000,0x00000000d6000000)
 ParOldGen       total 166400K, used 166244K [0x0000000080000000, 0x000000008a280000, 0x00000000d5580000)
  object space 166400K, 99% used [0x0000000080000000,0x000000008a259028,0x000000008a280000)
 Metaspace       used 73906K, committed 75520K, reserved 1179648K
  class space    used 7616K, committed 8320K, reserved 1048576K
}
Event: 287.854 GC heap before
{Heap before GC invocations=143 (full 3):
 PSYoungGen      total 8704K, used 8384K [0x00000000d5580000, 0x00000000d6000000, 0x0000000100000000)
  eden space 7680K, 100% used [0x00000000d5580000,0x00000000d5d00000,0x00000000d5d00000)
  from space 1024K, 68% used [0x00000000d5e80000,0x00000000d5f30000,0x00000000d5f80000)
  to   space 512K, 0% used [0x00000000d5f80000,0x00000000d5f80000,0x00000000d6000000)
 ParOldGen       total 166400K, used 166244K [0x0000000080000000, 0x000000008a280000, 0x00000000d5580000)
  object space 166400K, 99% used [0x0000000080000000,0x000000008a259028,0x000000008a280000)
 Metaspace       used 74470K, committed 76096K, reserved 1179648K
  class space    used 7677K, committed 8384K, reserved 1048576K
}
Event: 287.856 GC heap after
{Heap after GC invocations=143 (full 3):
 PSYoungGen      total 8192K, used 506K [0x00000000d5580000, 0x00000000d6000000, 0x0000000100000000)
  eden space 7680K, 0% used [0x00000000d5580000,0x00000000d5580000,0x00000000d5d00000)
  from space 512K, 98% used [0x00000000d5f80000,0x00000000d5ffe8c8,0x00000000d6000000)
  to   space 1024K, 0% used [0x00000000d5e00000,0x00000000d5e00000,0x00000000d5f00000)
 ParOldGen       total 166912K, used 166705K [0x0000000080000000, 0x000000008a300000, 0x00000000d5580000)
  object space 166912K, 99% used [0x0000000080000000,0x000000008a2cc770,0x000000008a300000)
 Metaspace       used 74470K, committed 76096K, reserved 1179648K
  class space    used 7677K, committed 8384K, reserved 1048576K
}
Event: 400.776 GC heap before
{Heap before GC invocations=144 (full 3):
 PSYoungGen      total 8192K, used 8183K [0x00000000d5580000, 0x00000000d6000000, 0x0000000100000000)
  eden space 7680K, 99% used [0x00000000d5580000,0x00000000d5cff340,0x00000000d5d00000)
  from space 512K, 98% used [0x00000000d5f80000,0x00000000d5ffe8c8,0x00000000d6000000)
  to   space 1024K, 0% used [0x00000000d5e00000,0x00000000d5e00000,0x00000000d5f00000)
 ParOldGen       total 166912K, used 166705K [0x0000000080000000, 0x000000008a300000, 0x00000000d5580000)
  object space 166912K, 99% used [0x0000000080000000,0x000000008a2cc770,0x000000008a300000)
 Metaspace       used 74743K, committed 76480K, reserved 1179648K
  class space    used 7702K, committed 8448K, reserved 1048576K
}
Event: 400.832 GC heap after
{Heap after GC invocations=144 (full 3):
 PSYoungGen      total 8704K, used 580K [0x00000000d5580000, 0x00000000d6000000, 0x0000000100000000)
  eden space 7680K, 0% used [0x00000000d5580000,0x00000000d5580000,0x00000000d5d00000)
  from space 1024K, 56% used [0x00000000d5e00000,0x00000000d5e91230,0x00000000d5f00000)
  to   space 1024K, 0% used [0x00000000d5f00000,0x00000000d5f00000,0x00000000d6000000)
 ParOldGen       total 167424K, used 167137K [0x0000000080000000, 0x000000008a380000, 0x00000000d5580000)
  object space 167424K, 99% used [0x0000000080000000,0x000000008a338760,0x000000008a380000)
 Metaspace       used 74743K, committed 76480K, reserved 1179648K
  class space    used 7702K, committed 8448K, reserved 1048576K
}

